2021-08-30 16:54:20,203:INFO:PyCaret Supervised Module
2021-08-30 16:54:20,203:INFO:ML Usecase: regression
2021-08-30 16:54:20,204:INFO:version 2.3.3
2021-08-30 16:54:20,204:INFO:Initializing setup()
2021-08-30 16:54:20,204:INFO:setup(target=flow, ml_usecase=regression, available_plots={'parameter': 'Hyperparameters', 'residuals': 'Residuals', 'error': 'Prediction Error', 'cooks': 'Cooks Distance', 'rfe': 'Feature Selection', 'learning': 'Learning Curve', 'manifold': 'Manifold Learning', 'vc': 'Validation Curve', 'feature': 'Feature Importance', 'feature_all': 'Feature Importance (All)', 'tree': 'Decision Tree', 'residuals_interactive': 'Interactive Residuals'}, train_size=0.7, test_data=None, preprocess=True, imputation_type=simple, iterative_imputation_iters=5, categorical_features=['num', 'year', 'month'], categorical_imputation=constant, categorical_iterative_imputer=lightgbm, ordinal_features=None, high_cardinality_features=None, high_cardinality_method=frequency, numeric_features=None, numeric_imputation=mean, numeric_iterative_imputer=lightgbm, date_features=None, ignore_features=None, normalize=True, normalize_method=zscore, transformation=False, transformation_method=yeo-johnson, handle_unknown_categorical=True, unknown_categorical_method=least_frequent, pca=False, pca_method=linear, pca_components=None, ignore_low_variance=False, combine_rare_levels=False, rare_level_threshold=0.1, bin_numeric_features=None, remove_outliers=False, outliers_threshold=0.05, remove_multicollinearity=False, multicollinearity_threshold=0.9, remove_perfect_collinearity=True, create_clusters=False, cluster_iter=20, polynomial_features=False, polynomial_degree=2, trigonometry_features=False, polynomial_threshold=0.1, group_features=None, group_names=None, feature_selection=False, feature_selection_threshold=0.8, feature_selection_method=classic, feature_interaction=False, feature_ratio=False, interaction_threshold=0.01, fix_imbalance=False, fix_imbalance_method=None, transform_target=False, transform_target_method=box-cox, data_split_shuffle=True, data_split_stratify=False, fold_strategy=kfold, fold=10, fold_shuffle=False, fold_groups=None, n_jobs=-1, use_gpu=False, custom_pipeline=None, html=True, session_id=1, log_experiment=False, experiment_name=None, log_plots=False, log_profile=False, log_data=False, silent=True, verbose=True, profile=False, profile_kwargs=None, display=None)
2021-08-30 16:54:20,205:INFO:Checking environment
2021-08-30 16:54:20,206:INFO:python_version: 3.8.11
2021-08-30 16:54:20,206:INFO:python_build: ('default', 'Aug  6 2021 09:57:55')
2021-08-30 16:54:20,206:INFO:machine: AMD64
2021-08-30 16:54:20,236:INFO:platform: Windows-10-10.0.19041-SP0
2021-08-30 16:54:20,239:WARNING:cannot find psutil installation. memory not traceable. Install psutil using pip to enable memory logging.
2021-08-30 16:54:20,239:INFO:Checking libraries
2021-08-30 16:54:20,239:INFO:pd==1.3.2
2021-08-30 16:54:20,240:INFO:numpy==1.19.5
2021-08-30 16:54:20,240:INFO:sklearn==0.23.2
2021-08-30 16:54:20,240:INFO:lightgbm==3.2.1
2021-08-30 16:54:20,242:WARNING:catboost not found
2021-08-30 16:54:20,244:WARNING:xgboost not found
2021-08-30 16:54:21,269:INFO:mlflow==1.20.1
2021-08-30 16:54:21,269:INFO:Checking Exceptions
2021-08-30 16:54:21,270:INFO:Declaring global variables
2021-08-30 16:54:21,270:INFO:USI: ec2c
2021-08-30 16:54:21,270:INFO:pycaret_globals: {'target_param', 'fold_groups_param_full', 'html_param', 'n_jobs_param', 'transform_target_param', 'y_test', 'X', 'display_container', 'fold_shuffle_param', 'imputation_regressor', 'pycaret_globals', 'y', 'seed', '_available_plots', '_gpu_n_jobs_param', '_all_models_internal', 'master_model_container', 'exp_name_log', 'fold_groups_param', 'X_test', '_ml_usecase', 'fold_generator', 'prep_pipe', '_all_metrics', 'USI', 'data_before_preprocess', 'gpu_param', 'fold_param', 'stratify_param', 'log_plots_param', '_internal_pipeline', 'fix_imbalance_method_param', 'y_train', 'create_model_container', '_all_models', 'X_train', 'imputation_classifier', 'iterative_imputation_iters_param', 'logging_param', 'fix_imbalance_param', 'experiment__', 'transform_target_method_param'}
2021-08-30 16:54:21,270:INFO:Preparing display monitor
2021-08-30 16:54:21,271:INFO:Preparing display monitor
2021-08-30 16:54:21,285:INFO:Importing libraries
2021-08-30 16:54:21,286:INFO:Copying data for preprocessing
2021-08-30 16:54:21,294:INFO:Declaring preprocessing parameters
2021-08-30 16:54:21,297:INFO:Creating preprocessing pipeline
2021-08-30 16:54:21,340:INFO:Preprocessing pipeline created successfully
2021-08-30 16:54:21,340:ERROR:(Process Exit): setup has been interupted with user command 'quit'. setup must rerun.
2021-08-30 16:54:21,340:INFO:Creating global containers
2021-08-30 16:54:21,343:INFO:Internal pipeline: Pipeline(memory=None, steps=[('empty_step', 'passthrough')], verbose=False)
2021-08-30 16:54:21,847:WARNING:Couldn't import xgboost.XGBRegressor
2021-08-30 16:54:21,850:WARNING:Couldn't import catboost.CatBoostRegressor
2021-08-30 16:54:21,993:WARNING:Couldn't import xgboost.XGBRegressor
2021-08-30 16:54:21,994:WARNING:Couldn't import catboost.CatBoostRegressor
2021-08-30 16:54:21,994:INFO:Creating grid variables
2021-08-30 16:54:22,011:INFO:create_model_container: 0
2021-08-30 16:54:22,011:INFO:master_model_container: 0
2021-08-30 16:54:22,011:INFO:display_container: 1
2021-08-30 16:54:22,019:INFO:Pipeline(memory=None,
         steps=[('dtypes',
                 DataTypes_Auto_infer(categorical_features=['num', 'year',
                                                            'month'],
                                      display_types=False, features_todrop=[],
                                      id_columns=[], ml_usecase='regression',
                                      numerical_features=[], target='flow',
                                      time_features=[])),
                ('imputer',
                 Simple_Imputer(categorical_strategy='not_available',
                                fill_value_categorical=None,
                                fill_value_numerical=Non...
                                                  target='flow')),
                ('P_transform', 'passthrough'), ('binn', 'passthrough'),
                ('rem_outliers', 'passthrough'), ('cluster_all', 'passthrough'),
                ('dummy', Dummify(target='flow')),
                ('fix_perfect', Remove_100(target='flow')),
                ('clean_names', Clean_Colum_Names()),
                ('feature_select', 'passthrough'), ('fix_multi', 'passthrough'),
                ('dfs', 'passthrough'), ('pca', 'passthrough')],
         verbose=False)
2021-08-30 16:54:22,019:INFO:setup() succesfully completed......................................
2021-08-30 16:54:24,881:INFO:Initializing compare_models()
2021-08-30 16:54:24,881:INFO:compare_models(include=None, fold=None, round=4, cross_validation=True, sort=RMSE, n_select=1, budget_time=None, turbo=True, errors=ignore, fit_kwargs=None, groups=None, verbose=True, display=None, exclude=None)
2021-08-30 16:54:24,881:INFO:Checking exceptions
2021-08-30 16:54:24,882:INFO:Preparing display monitor
2021-08-30 16:54:24,882:INFO:Preparing display monitor
2021-08-30 16:54:24,922:INFO:Initializing Linear Regression
2021-08-30 16:54:24,922:INFO:Total runtime is 0.0 minutes
2021-08-30 16:54:24,935:INFO:SubProcess create_model() called ==================================
2021-08-30 16:54:24,935:INFO:Initializing create_model()
2021-08-30 16:54:24,935:INFO:create_model(estimator=lr, fold=KFold(n_splits=10, random_state=None, shuffle=False), round=4, cross_validation=True, predict=True, fit_kwargs={}, groups=None, refit=False, verbose=False, system=False, metrics=None, display=<pycaret.internal.Display.Display object at 0x0000022D701356D0>, kwargs={})
2021-08-30 16:54:24,936:INFO:Checking exceptions
2021-08-30 16:54:24,936:INFO:Importing libraries
2021-08-30 16:54:24,936:INFO:Copying training dataset
2021-08-30 16:54:24,938:INFO:Defining folds
2021-08-30 16:54:24,938:INFO:Declaring metric variables
2021-08-30 16:54:24,946:INFO:Importing untrained model
2021-08-30 16:54:24,960:INFO:Linear Regression Imported succesfully
2021-08-30 16:54:24,986:INFO:Starting cross validation
2021-08-30 16:54:25,004:INFO:Cross validating with KFold(n_splits=10, random_state=None, shuffle=False), n_jobs=-1
2021-08-30 16:54:35,291:INFO:Calculating mean and std
2021-08-30 16:54:35,293:INFO:Creating metrics dataframe
2021-08-30 16:54:35,296:INFO:Uploading results into container
2021-08-30 16:54:35,296:INFO:Uploading model into container now
2021-08-30 16:54:35,297:INFO:create_model_container: 1
2021-08-30 16:54:35,297:INFO:master_model_container: 1
2021-08-30 16:54:35,297:INFO:display_container: 2
2021-08-30 16:54:35,297:INFO:LinearRegression(copy_X=True, fit_intercept=True, n_jobs=-1, normalize=False)
2021-08-30 16:54:35,297:INFO:create_model() succesfully completed......................................
2021-08-30 16:54:35,388:INFO:SubProcess create_model() end ==================================
2021-08-30 16:54:35,388:INFO:Creating metrics dataframe
2021-08-30 16:54:35,409:INFO:Initializing Lasso Regression
2021-08-30 16:54:35,409:INFO:Total runtime is 0.17478318611780802 minutes
2021-08-30 16:54:35,422:INFO:SubProcess create_model() called ==================================
2021-08-30 16:54:35,422:INFO:Initializing create_model()
2021-08-30 16:54:35,423:INFO:create_model(estimator=lasso, fold=KFold(n_splits=10, random_state=None, shuffle=False), round=4, cross_validation=True, predict=True, fit_kwargs={}, groups=None, refit=False, verbose=False, system=False, metrics=None, display=<pycaret.internal.Display.Display object at 0x0000022D701356D0>, kwargs={})
2021-08-30 16:54:35,423:INFO:Checking exceptions
2021-08-30 16:54:35,423:INFO:Importing libraries
2021-08-30 16:54:35,423:INFO:Copying training dataset
2021-08-30 16:54:35,425:INFO:Defining folds
2021-08-30 16:54:35,425:INFO:Declaring metric variables
2021-08-30 16:54:35,434:INFO:Importing untrained model
2021-08-30 16:54:35,444:INFO:Lasso Regression Imported succesfully
2021-08-30 16:54:35,465:INFO:Starting cross validation
2021-08-30 16:54:35,466:INFO:Cross validating with KFold(n_splits=10, random_state=None, shuffle=False), n_jobs=-1
2021-08-30 16:54:35,696:INFO:Calculating mean and std
2021-08-30 16:54:35,697:INFO:Creating metrics dataframe
2021-08-30 16:54:35,701:INFO:Uploading results into container
2021-08-30 16:54:35,701:INFO:Uploading model into container now
2021-08-30 16:54:35,701:INFO:create_model_container: 2
2021-08-30 16:54:35,701:INFO:master_model_container: 2
2021-08-30 16:54:35,701:INFO:display_container: 2
2021-08-30 16:54:35,702:INFO:Lasso(alpha=1.0, copy_X=True, fit_intercept=True, max_iter=1000,
      normalize=False, positive=False, precompute=False, random_state=1,
      selection='cyclic', tol=0.0001, warm_start=False)
2021-08-30 16:54:35,702:INFO:create_model() succesfully completed......................................
2021-08-30 16:54:35,780:INFO:SubProcess create_model() end ==================================
2021-08-30 16:54:35,780:INFO:Creating metrics dataframe
2021-08-30 16:54:35,797:INFO:Initializing Ridge Regression
2021-08-30 16:54:35,797:INFO:Total runtime is 0.18124927282333372 minutes
2021-08-30 16:54:35,812:INFO:SubProcess create_model() called ==================================
2021-08-30 16:54:35,812:INFO:Initializing create_model()
2021-08-30 16:54:35,812:INFO:create_model(estimator=ridge, fold=KFold(n_splits=10, random_state=None, shuffle=False), round=4, cross_validation=True, predict=True, fit_kwargs={}, groups=None, refit=False, verbose=False, system=False, metrics=None, display=<pycaret.internal.Display.Display object at 0x0000022D701356D0>, kwargs={})
2021-08-30 16:54:35,812:INFO:Checking exceptions
2021-08-30 16:54:35,813:INFO:Importing libraries
2021-08-30 16:54:35,813:INFO:Copying training dataset
2021-08-30 16:54:35,814:INFO:Defining folds
2021-08-30 16:54:35,815:INFO:Declaring metric variables
2021-08-30 16:54:35,823:INFO:Importing untrained model
2021-08-30 16:54:35,833:INFO:Ridge Regression Imported succesfully
2021-08-30 16:54:35,856:INFO:Starting cross validation
2021-08-30 16:54:35,857:INFO:Cross validating with KFold(n_splits=10, random_state=None, shuffle=False), n_jobs=-1
2021-08-30 16:54:36,060:INFO:Calculating mean and std
2021-08-30 16:54:36,062:INFO:Creating metrics dataframe
2021-08-30 16:54:36,066:INFO:Uploading results into container
2021-08-30 16:54:36,066:INFO:Uploading model into container now
2021-08-30 16:54:36,066:INFO:create_model_container: 3
2021-08-30 16:54:36,066:INFO:master_model_container: 3
2021-08-30 16:54:36,066:INFO:display_container: 2
2021-08-30 16:54:36,067:INFO:Ridge(alpha=1.0, copy_X=True, fit_intercept=True, max_iter=None,
      normalize=False, random_state=1, solver='auto', tol=0.001)
2021-08-30 16:54:36,067:INFO:create_model() succesfully completed......................................
2021-08-30 16:54:36,147:INFO:SubProcess create_model() end ==================================
2021-08-30 16:54:36,148:INFO:Creating metrics dataframe
2021-08-30 16:54:36,166:INFO:Initializing Elastic Net
2021-08-30 16:54:36,166:INFO:Total runtime is 0.18739953835805256 minutes
2021-08-30 16:54:36,174:INFO:SubProcess create_model() called ==================================
2021-08-30 16:54:36,175:INFO:Initializing create_model()
2021-08-30 16:54:36,175:INFO:create_model(estimator=en, fold=KFold(n_splits=10, random_state=None, shuffle=False), round=4, cross_validation=True, predict=True, fit_kwargs={}, groups=None, refit=False, verbose=False, system=False, metrics=None, display=<pycaret.internal.Display.Display object at 0x0000022D701356D0>, kwargs={})
2021-08-30 16:54:36,175:INFO:Checking exceptions
2021-08-30 16:54:36,175:INFO:Importing libraries
2021-08-30 16:54:36,176:INFO:Copying training dataset
2021-08-30 16:54:36,177:INFO:Defining folds
2021-08-30 16:54:36,177:INFO:Declaring metric variables
2021-08-30 16:54:36,186:INFO:Importing untrained model
2021-08-30 16:54:36,196:INFO:Elastic Net Imported succesfully
2021-08-30 16:54:36,217:INFO:Starting cross validation
2021-08-30 16:54:36,218:INFO:Cross validating with KFold(n_splits=10, random_state=None, shuffle=False), n_jobs=-1
2021-08-30 16:54:36,515:INFO:Calculating mean and std
2021-08-30 16:54:36,516:INFO:Creating metrics dataframe
2021-08-30 16:54:36,520:INFO:Uploading results into container
2021-08-30 16:54:36,520:INFO:Uploading model into container now
2021-08-30 16:54:36,520:INFO:create_model_container: 4
2021-08-30 16:54:36,520:INFO:master_model_container: 4
2021-08-30 16:54:36,520:INFO:display_container: 2
2021-08-30 16:54:36,521:INFO:ElasticNet(alpha=1.0, copy_X=True, fit_intercept=True, l1_ratio=0.5,
           max_iter=1000, normalize=False, positive=False, precompute=False,
           random_state=1, selection='cyclic', tol=0.0001, warm_start=False)
2021-08-30 16:54:36,521:INFO:create_model() succesfully completed......................................
2021-08-30 16:54:36,606:INFO:SubProcess create_model() end ==================================
2021-08-30 16:54:36,606:INFO:Creating metrics dataframe
2021-08-30 16:54:36,621:INFO:Initializing Least Angle Regression
2021-08-30 16:54:36,621:INFO:Total runtime is 0.1949792702992757 minutes
2021-08-30 16:54:36,630:INFO:SubProcess create_model() called ==================================
2021-08-30 16:54:36,631:INFO:Initializing create_model()
2021-08-30 16:54:36,631:INFO:create_model(estimator=lar, fold=KFold(n_splits=10, random_state=None, shuffle=False), round=4, cross_validation=True, predict=True, fit_kwargs={}, groups=None, refit=False, verbose=False, system=False, metrics=None, display=<pycaret.internal.Display.Display object at 0x0000022D701356D0>, kwargs={})
2021-08-30 16:54:36,631:INFO:Checking exceptions
2021-08-30 16:54:36,631:INFO:Importing libraries
2021-08-30 16:54:36,631:INFO:Copying training dataset
2021-08-30 16:54:36,633:INFO:Defining folds
2021-08-30 16:54:36,633:INFO:Declaring metric variables
2021-08-30 16:54:36,645:INFO:Importing untrained model
2021-08-30 16:54:36,658:INFO:Least Angle Regression Imported succesfully
2021-08-30 16:54:36,678:INFO:Starting cross validation
2021-08-30 16:54:36,679:INFO:Cross validating with KFold(n_splits=10, random_state=None, shuffle=False), n_jobs=-1
2021-08-30 16:54:36,893:INFO:Calculating mean and std
2021-08-30 16:54:36,894:INFO:Creating metrics dataframe
2021-08-30 16:54:36,900:INFO:Uploading results into container
2021-08-30 16:54:36,901:INFO:Uploading model into container now
2021-08-30 16:54:36,901:INFO:create_model_container: 5
2021-08-30 16:54:36,901:INFO:master_model_container: 5
2021-08-30 16:54:36,901:INFO:display_container: 2
2021-08-30 16:54:36,902:INFO:Lars(copy_X=True, eps=2.220446049250313e-16, fit_intercept=True, fit_path=True,
     jitter=None, n_nonzero_coefs=500, normalize=True, precompute='auto',
     random_state=1, verbose=False)
2021-08-30 16:54:36,902:INFO:create_model() succesfully completed......................................
2021-08-30 16:54:36,972:INFO:SubProcess create_model() end ==================================
2021-08-30 16:54:36,972:INFO:Creating metrics dataframe
2021-08-30 16:54:36,993:INFO:Initializing Lasso Least Angle Regression
2021-08-30 16:54:36,993:INFO:Total runtime is 0.2011794050534566 minutes
2021-08-30 16:54:37,001:INFO:SubProcess create_model() called ==================================
2021-08-30 16:54:37,002:INFO:Initializing create_model()
2021-08-30 16:54:37,002:INFO:create_model(estimator=llar, fold=KFold(n_splits=10, random_state=None, shuffle=False), round=4, cross_validation=True, predict=True, fit_kwargs={}, groups=None, refit=False, verbose=False, system=False, metrics=None, display=<pycaret.internal.Display.Display object at 0x0000022D701356D0>, kwargs={})
2021-08-30 16:54:37,002:INFO:Checking exceptions
2021-08-30 16:54:37,002:INFO:Importing libraries
2021-08-30 16:54:37,002:INFO:Copying training dataset
2021-08-30 16:54:37,003:INFO:Defining folds
2021-08-30 16:54:37,003:INFO:Declaring metric variables
2021-08-30 16:54:37,012:INFO:Importing untrained model
2021-08-30 16:54:37,024:INFO:Lasso Least Angle Regression Imported succesfully
2021-08-30 16:54:37,046:INFO:Starting cross validation
2021-08-30 16:54:37,046:INFO:Cross validating with KFold(n_splits=10, random_state=None, shuffle=False), n_jobs=-1
2021-08-30 16:54:37,239:INFO:Calculating mean and std
2021-08-30 16:54:37,241:INFO:Creating metrics dataframe
2021-08-30 16:54:37,246:INFO:Uploading results into container
2021-08-30 16:54:37,246:INFO:Uploading model into container now
2021-08-30 16:54:37,246:INFO:create_model_container: 6
2021-08-30 16:54:37,246:INFO:master_model_container: 6
2021-08-30 16:54:37,247:INFO:display_container: 2
2021-08-30 16:54:37,247:INFO:LassoLars(alpha=1.0, copy_X=True, eps=2.220446049250313e-16, fit_intercept=True,
          fit_path=True, jitter=None, max_iter=500, normalize=True,
          positive=False, precompute='auto', random_state=1, verbose=False)
2021-08-30 16:54:37,248:INFO:create_model() succesfully completed......................................
2021-08-30 16:54:37,334:INFO:SubProcess create_model() end ==================================
2021-08-30 16:54:37,334:INFO:Creating metrics dataframe
2021-08-30 16:54:37,357:INFO:Initializing Orthogonal Matching Pursuit
2021-08-30 16:54:37,357:INFO:Total runtime is 0.20724651813507078 minutes
2021-08-30 16:54:37,372:INFO:SubProcess create_model() called ==================================
2021-08-30 16:54:37,372:INFO:Initializing create_model()
2021-08-30 16:54:37,373:INFO:create_model(estimator=omp, fold=KFold(n_splits=10, random_state=None, shuffle=False), round=4, cross_validation=True, predict=True, fit_kwargs={}, groups=None, refit=False, verbose=False, system=False, metrics=None, display=<pycaret.internal.Display.Display object at 0x0000022D701356D0>, kwargs={})
2021-08-30 16:54:37,373:INFO:Checking exceptions
2021-08-30 16:54:37,373:INFO:Importing libraries
2021-08-30 16:54:37,373:INFO:Copying training dataset
2021-08-30 16:54:37,374:INFO:Defining folds
2021-08-30 16:54:37,374:INFO:Declaring metric variables
2021-08-30 16:54:37,384:INFO:Importing untrained model
2021-08-30 16:54:37,396:INFO:Orthogonal Matching Pursuit Imported succesfully
2021-08-30 16:54:37,413:INFO:Starting cross validation
2021-08-30 16:54:37,414:INFO:Cross validating with KFold(n_splits=10, random_state=None, shuffle=False), n_jobs=-1
2021-08-30 16:54:37,681:INFO:Calculating mean and std
2021-08-30 16:54:37,683:INFO:Creating metrics dataframe
2021-08-30 16:54:37,686:INFO:Uploading results into container
2021-08-30 16:54:37,687:INFO:Uploading model into container now
2021-08-30 16:54:37,687:INFO:create_model_container: 7
2021-08-30 16:54:37,687:INFO:master_model_container: 7
2021-08-30 16:54:37,687:INFO:display_container: 2
2021-08-30 16:54:37,687:INFO:OrthogonalMatchingPursuit(fit_intercept=True, n_nonzero_coefs=None,
                          normalize=True, precompute='auto', tol=None)
2021-08-30 16:54:37,687:INFO:create_model() succesfully completed......................................
2021-08-30 16:54:37,768:INFO:SubProcess create_model() end ==================================
2021-08-30 16:54:37,768:INFO:Creating metrics dataframe
2021-08-30 16:54:37,785:INFO:Initializing Bayesian Ridge
2021-08-30 16:54:37,785:INFO:Total runtime is 0.21439411242802936 minutes
2021-08-30 16:54:37,795:INFO:SubProcess create_model() called ==================================
2021-08-30 16:54:37,795:INFO:Initializing create_model()
2021-08-30 16:54:37,795:INFO:create_model(estimator=br, fold=KFold(n_splits=10, random_state=None, shuffle=False), round=4, cross_validation=True, predict=True, fit_kwargs={}, groups=None, refit=False, verbose=False, system=False, metrics=None, display=<pycaret.internal.Display.Display object at 0x0000022D701356D0>, kwargs={})
2021-08-30 16:54:37,795:INFO:Checking exceptions
2021-08-30 16:54:37,796:INFO:Importing libraries
2021-08-30 16:54:37,796:INFO:Copying training dataset
2021-08-30 16:54:37,797:INFO:Defining folds
2021-08-30 16:54:37,797:INFO:Declaring metric variables
2021-08-30 16:54:37,806:INFO:Importing untrained model
2021-08-30 16:54:37,816:INFO:Bayesian Ridge Imported succesfully
2021-08-30 16:54:37,838:INFO:Starting cross validation
2021-08-30 16:54:37,839:INFO:Cross validating with KFold(n_splits=10, random_state=None, shuffle=False), n_jobs=-1
2021-08-30 16:54:38,104:INFO:Calculating mean and std
2021-08-30 16:54:38,105:INFO:Creating metrics dataframe
2021-08-30 16:54:38,109:INFO:Uploading results into container
2021-08-30 16:54:38,109:INFO:Uploading model into container now
2021-08-30 16:54:38,109:INFO:create_model_container: 8
2021-08-30 16:54:38,109:INFO:master_model_container: 8
2021-08-30 16:54:38,110:INFO:display_container: 2
2021-08-30 16:54:38,110:INFO:BayesianRidge(alpha_1=1e-06, alpha_2=1e-06, alpha_init=None,
              compute_score=False, copy_X=True, fit_intercept=True,
              lambda_1=1e-06, lambda_2=1e-06, lambda_init=None, n_iter=300,
              normalize=False, tol=0.001, verbose=False)
2021-08-30 16:54:38,110:INFO:create_model() succesfully completed......................................
2021-08-30 16:54:38,180:INFO:SubProcess create_model() end ==================================
2021-08-30 16:54:38,180:INFO:Creating metrics dataframe
2021-08-30 16:54:38,195:INFO:Initializing Passive Aggressive Regressor
2021-08-30 16:54:38,195:INFO:Total runtime is 0.2212258418401082 minutes
2021-08-30 16:54:38,203:INFO:SubProcess create_model() called ==================================
2021-08-30 16:54:38,204:INFO:Initializing create_model()
2021-08-30 16:54:38,204:INFO:create_model(estimator=par, fold=KFold(n_splits=10, random_state=None, shuffle=False), round=4, cross_validation=True, predict=True, fit_kwargs={}, groups=None, refit=False, verbose=False, system=False, metrics=None, display=<pycaret.internal.Display.Display object at 0x0000022D701356D0>, kwargs={})
2021-08-30 16:54:38,204:INFO:Checking exceptions
2021-08-30 16:54:38,204:INFO:Importing libraries
2021-08-30 16:54:38,204:INFO:Copying training dataset
2021-08-30 16:54:38,207:INFO:Defining folds
2021-08-30 16:54:38,207:INFO:Declaring metric variables
2021-08-30 16:54:38,218:INFO:Importing untrained model
2021-08-30 16:54:38,231:INFO:Passive Aggressive Regressor Imported succesfully
2021-08-30 16:54:38,252:INFO:Starting cross validation
2021-08-30 16:54:38,253:INFO:Cross validating with KFold(n_splits=10, random_state=None, shuffle=False), n_jobs=-1
2021-08-30 16:54:38,653:INFO:Calculating mean and std
2021-08-30 16:54:38,654:INFO:Creating metrics dataframe
2021-08-30 16:54:38,657:INFO:Uploading results into container
2021-08-30 16:54:38,658:INFO:Uploading model into container now
2021-08-30 16:54:38,658:INFO:create_model_container: 9
2021-08-30 16:54:38,658:INFO:master_model_container: 9
2021-08-30 16:54:38,658:INFO:display_container: 2
2021-08-30 16:54:38,659:INFO:PassiveAggressiveRegressor(C=1.0, average=False, early_stopping=False,
                           epsilon=0.1, fit_intercept=True,
                           loss='epsilon_insensitive', max_iter=1000,
                           n_iter_no_change=5, random_state=1, shuffle=True,
                           tol=0.001, validation_fraction=0.1, verbose=0,
                           warm_start=False)
2021-08-30 16:54:38,659:INFO:create_model() succesfully completed......................................
2021-08-30 16:54:38,742:INFO:SubProcess create_model() end ==================================
2021-08-30 16:54:38,742:INFO:Creating metrics dataframe
2021-08-30 16:54:38,757:INFO:Initializing Huber Regressor
2021-08-30 16:54:38,757:INFO:Total runtime is 0.230584180355072 minutes
2021-08-30 16:54:38,767:INFO:SubProcess create_model() called ==================================
2021-08-30 16:54:38,768:INFO:Initializing create_model()
2021-08-30 16:54:38,768:INFO:create_model(estimator=huber, fold=KFold(n_splits=10, random_state=None, shuffle=False), round=4, cross_validation=True, predict=True, fit_kwargs={}, groups=None, refit=False, verbose=False, system=False, metrics=None, display=<pycaret.internal.Display.Display object at 0x0000022D701356D0>, kwargs={})
2021-08-30 16:54:38,768:INFO:Checking exceptions
2021-08-30 16:54:38,769:INFO:Importing libraries
2021-08-30 16:54:38,769:INFO:Copying training dataset
2021-08-30 16:54:38,771:INFO:Defining folds
2021-08-30 16:54:38,771:INFO:Declaring metric variables
2021-08-30 16:54:38,781:INFO:Importing untrained model
2021-08-30 16:54:38,791:INFO:Huber Regressor Imported succesfully
2021-08-30 16:54:38,809:INFO:Starting cross validation
2021-08-30 16:54:38,810:INFO:Cross validating with KFold(n_splits=10, random_state=None, shuffle=False), n_jobs=-1
2021-08-30 16:54:41,449:INFO:Calculating mean and std
2021-08-30 16:54:41,451:INFO:Creating metrics dataframe
2021-08-30 16:54:41,454:INFO:Uploading results into container
2021-08-30 16:54:41,455:INFO:Uploading model into container now
2021-08-30 16:54:41,455:INFO:create_model_container: 10
2021-08-30 16:54:41,455:INFO:master_model_container: 10
2021-08-30 16:54:41,455:INFO:display_container: 2
2021-08-30 16:54:41,456:INFO:HuberRegressor(alpha=0.0001, epsilon=1.35, fit_intercept=True, max_iter=100,
               tol=1e-05, warm_start=False)
2021-08-30 16:54:41,456:INFO:create_model() succesfully completed......................................
2021-08-30 16:54:41,548:INFO:SubProcess create_model() end ==================================
2021-08-30 16:54:41,549:INFO:Creating metrics dataframe
2021-08-30 16:54:41,564:INFO:Initializing K Neighbors Regressor
2021-08-30 16:54:41,564:INFO:Total runtime is 0.2773759086926778 minutes
2021-08-30 16:54:41,575:INFO:SubProcess create_model() called ==================================
2021-08-30 16:54:41,576:INFO:Initializing create_model()
2021-08-30 16:54:41,576:INFO:create_model(estimator=knn, fold=KFold(n_splits=10, random_state=None, shuffle=False), round=4, cross_validation=True, predict=True, fit_kwargs={}, groups=None, refit=False, verbose=False, system=False, metrics=None, display=<pycaret.internal.Display.Display object at 0x0000022D701356D0>, kwargs={})
2021-08-30 16:54:41,576:INFO:Checking exceptions
2021-08-30 16:54:41,576:INFO:Importing libraries
2021-08-30 16:54:41,576:INFO:Copying training dataset
2021-08-30 16:54:41,578:INFO:Defining folds
2021-08-30 16:54:41,579:INFO:Declaring metric variables
2021-08-30 16:54:41,592:INFO:Importing untrained model
2021-08-30 16:54:41,605:INFO:K Neighbors Regressor Imported succesfully
2021-08-30 16:54:41,629:INFO:Starting cross validation
2021-08-30 16:54:41,630:INFO:Cross validating with KFold(n_splits=10, random_state=None, shuffle=False), n_jobs=-1
2021-08-30 16:54:42,249:INFO:Calculating mean and std
2021-08-30 16:54:42,251:INFO:Creating metrics dataframe
2021-08-30 16:54:42,254:INFO:Uploading results into container
2021-08-30 16:54:42,254:INFO:Uploading model into container now
2021-08-30 16:54:42,255:INFO:create_model_container: 11
2021-08-30 16:54:42,255:INFO:master_model_container: 11
2021-08-30 16:54:42,255:INFO:display_container: 2
2021-08-30 16:54:42,256:INFO:KNeighborsRegressor(algorithm='auto', leaf_size=30, metric='minkowski',
                    metric_params=None, n_jobs=-1, n_neighbors=5, p=2,
                    weights='uniform')
2021-08-30 16:54:42,256:INFO:create_model() succesfully completed......................................
2021-08-30 16:54:42,338:INFO:SubProcess create_model() end ==================================
2021-08-30 16:54:42,338:INFO:Creating metrics dataframe
2021-08-30 16:54:42,363:INFO:Initializing Decision Tree Regressor
2021-08-30 16:54:42,363:INFO:Total runtime is 0.29069031079610186 minutes
2021-08-30 16:54:42,375:INFO:SubProcess create_model() called ==================================
2021-08-30 16:54:42,375:INFO:Initializing create_model()
2021-08-30 16:54:42,376:INFO:create_model(estimator=dt, fold=KFold(n_splits=10, random_state=None, shuffle=False), round=4, cross_validation=True, predict=True, fit_kwargs={}, groups=None, refit=False, verbose=False, system=False, metrics=None, display=<pycaret.internal.Display.Display object at 0x0000022D701356D0>, kwargs={})
2021-08-30 16:54:42,376:INFO:Checking exceptions
2021-08-30 16:54:42,376:INFO:Importing libraries
2021-08-30 16:54:42,376:INFO:Copying training dataset
2021-08-30 16:54:42,378:INFO:Defining folds
2021-08-30 16:54:42,379:INFO:Declaring metric variables
2021-08-30 16:54:42,388:INFO:Importing untrained model
2021-08-30 16:54:42,402:INFO:Decision Tree Regressor Imported succesfully
2021-08-30 16:54:42,425:INFO:Starting cross validation
2021-08-30 16:54:42,426:INFO:Cross validating with KFold(n_splits=10, random_state=None, shuffle=False), n_jobs=-1
2021-08-30 16:54:42,878:INFO:Calculating mean and std
2021-08-30 16:54:42,880:INFO:Creating metrics dataframe
2021-08-30 16:54:42,883:INFO:Uploading results into container
2021-08-30 16:54:42,883:INFO:Uploading model into container now
2021-08-30 16:54:42,884:INFO:create_model_container: 12
2021-08-30 16:54:42,884:INFO:master_model_container: 12
2021-08-30 16:54:42,884:INFO:display_container: 2
2021-08-30 16:54:42,885:INFO:DecisionTreeRegressor(ccp_alpha=0.0, criterion='mse', max_depth=None,
                      max_features=None, max_leaf_nodes=None,
                      min_impurity_decrease=0.0, min_impurity_split=None,
                      min_samples_leaf=1, min_samples_split=2,
                      min_weight_fraction_leaf=0.0, presort='deprecated',
                      random_state=1, splitter='best')
2021-08-30 16:54:42,885:INFO:create_model() succesfully completed......................................
2021-08-30 16:54:42,974:INFO:SubProcess create_model() end ==================================
2021-08-30 16:54:42,974:INFO:Creating metrics dataframe
2021-08-30 16:54:42,991:INFO:Initializing Random Forest Regressor
2021-08-30 16:54:42,991:INFO:Total runtime is 0.30116238196690875 minutes
2021-08-30 16:54:43,001:INFO:SubProcess create_model() called ==================================
2021-08-30 16:54:43,001:INFO:Initializing create_model()
2021-08-30 16:54:43,001:INFO:create_model(estimator=rf, fold=KFold(n_splits=10, random_state=None, shuffle=False), round=4, cross_validation=True, predict=True, fit_kwargs={}, groups=None, refit=False, verbose=False, system=False, metrics=None, display=<pycaret.internal.Display.Display object at 0x0000022D701356D0>, kwargs={})
2021-08-30 16:54:43,002:INFO:Checking exceptions
2021-08-30 16:54:43,002:INFO:Importing libraries
2021-08-30 16:54:43,002:INFO:Copying training dataset
2021-08-30 16:54:43,003:INFO:Defining folds
2021-08-30 16:54:43,003:INFO:Declaring metric variables
2021-08-30 16:54:43,011:INFO:Importing untrained model
2021-08-30 16:54:43,023:INFO:Random Forest Regressor Imported succesfully
2021-08-30 16:54:43,041:INFO:Starting cross validation
2021-08-30 16:54:43,042:INFO:Cross validating with KFold(n_splits=10, random_state=None, shuffle=False), n_jobs=-1
2021-08-30 16:54:52,931:INFO:Calculating mean and std
2021-08-30 16:54:52,932:INFO:Creating metrics dataframe
2021-08-30 16:54:52,937:INFO:Uploading results into container
2021-08-30 16:54:52,938:INFO:Uploading model into container now
2021-08-30 16:54:52,938:INFO:create_model_container: 13
2021-08-30 16:54:52,938:INFO:master_model_container: 13
2021-08-30 16:54:52,938:INFO:display_container: 2
2021-08-30 16:54:52,939:INFO:RandomForestRegressor(bootstrap=True, ccp_alpha=0.0, criterion='mse',
                      max_depth=None, max_features='auto', max_leaf_nodes=None,
                      max_samples=None, min_impurity_decrease=0.0,
                      min_impurity_split=None, min_samples_leaf=1,
                      min_samples_split=2, min_weight_fraction_leaf=0.0,
                      n_estimators=100, n_jobs=-1, oob_score=False,
                      random_state=1, verbose=0, warm_start=False)
2021-08-30 16:54:52,939:INFO:create_model() succesfully completed......................................
2021-08-30 16:54:53,028:INFO:SubProcess create_model() end ==================================
2021-08-30 16:54:53,028:INFO:Creating metrics dataframe
2021-08-30 16:54:53,044:INFO:Initializing Extra Trees Regressor
2021-08-30 16:54:53,044:INFO:Total runtime is 0.468698259194692 minutes
2021-08-30 16:54:53,055:INFO:SubProcess create_model() called ==================================
2021-08-30 16:54:53,055:INFO:Initializing create_model()
2021-08-30 16:54:53,056:INFO:create_model(estimator=et, fold=KFold(n_splits=10, random_state=None, shuffle=False), round=4, cross_validation=True, predict=True, fit_kwargs={}, groups=None, refit=False, verbose=False, system=False, metrics=None, display=<pycaret.internal.Display.Display object at 0x0000022D701356D0>, kwargs={})
2021-08-30 16:54:53,056:INFO:Checking exceptions
2021-08-30 16:54:53,056:INFO:Importing libraries
2021-08-30 16:54:53,056:INFO:Copying training dataset
2021-08-30 16:54:53,058:INFO:Defining folds
2021-08-30 16:54:53,059:INFO:Declaring metric variables
2021-08-30 16:54:53,069:INFO:Importing untrained model
2021-08-30 16:54:53,077:INFO:Extra Trees Regressor Imported succesfully
2021-08-30 16:54:53,100:INFO:Starting cross validation
2021-08-30 16:54:53,100:INFO:Cross validating with KFold(n_splits=10, random_state=None, shuffle=False), n_jobs=-1
2021-08-30 16:55:00,830:INFO:Calculating mean and std
2021-08-30 16:55:00,831:INFO:Creating metrics dataframe
2021-08-30 16:55:00,836:INFO:Uploading results into container
2021-08-30 16:55:00,836:INFO:Uploading model into container now
2021-08-30 16:55:00,836:INFO:create_model_container: 14
2021-08-30 16:55:00,836:INFO:master_model_container: 14
2021-08-30 16:55:00,836:INFO:display_container: 2
2021-08-30 16:55:00,837:INFO:ExtraTreesRegressor(bootstrap=False, ccp_alpha=0.0, criterion='mse',
                    max_depth=None, max_features='auto', max_leaf_nodes=None,
                    max_samples=None, min_impurity_decrease=0.0,
                    min_impurity_split=None, min_samples_leaf=1,
                    min_samples_split=2, min_weight_fraction_leaf=0.0,
                    n_estimators=100, n_jobs=-1, oob_score=False,
                    random_state=1, verbose=0, warm_start=False)
2021-08-30 16:55:00,837:INFO:create_model() succesfully completed......................................
2021-08-30 16:55:00,921:INFO:SubProcess create_model() end ==================================
2021-08-30 16:55:00,921:INFO:Creating metrics dataframe
2021-08-30 16:55:00,948:INFO:Initializing AdaBoost Regressor
2021-08-30 16:55:00,948:INFO:Total runtime is 0.6004297852516174 minutes
2021-08-30 16:55:00,958:INFO:SubProcess create_model() called ==================================
2021-08-30 16:55:00,959:INFO:Initializing create_model()
2021-08-30 16:55:00,959:INFO:create_model(estimator=ada, fold=KFold(n_splits=10, random_state=None, shuffle=False), round=4, cross_validation=True, predict=True, fit_kwargs={}, groups=None, refit=False, verbose=False, system=False, metrics=None, display=<pycaret.internal.Display.Display object at 0x0000022D701356D0>, kwargs={})
2021-08-30 16:55:00,959:INFO:Checking exceptions
2021-08-30 16:55:00,959:INFO:Importing libraries
2021-08-30 16:55:00,959:INFO:Copying training dataset
2021-08-30 16:55:00,961:INFO:Defining folds
2021-08-30 16:55:00,961:INFO:Declaring metric variables
2021-08-30 16:55:00,968:INFO:Importing untrained model
2021-08-30 16:55:00,978:INFO:AdaBoost Regressor Imported succesfully
2021-08-30 16:55:01,001:INFO:Starting cross validation
2021-08-30 16:55:01,001:INFO:Cross validating with KFold(n_splits=10, random_state=None, shuffle=False), n_jobs=-1
2021-08-30 16:55:04,236:INFO:Calculating mean and std
2021-08-30 16:55:04,237:INFO:Creating metrics dataframe
2021-08-30 16:55:04,241:INFO:Uploading results into container
2021-08-30 16:55:04,241:INFO:Uploading model into container now
2021-08-30 16:55:04,241:INFO:create_model_container: 15
2021-08-30 16:55:04,241:INFO:master_model_container: 15
2021-08-30 16:55:04,241:INFO:display_container: 2
2021-08-30 16:55:04,242:INFO:AdaBoostRegressor(base_estimator=None, learning_rate=1.0, loss='linear',
                  n_estimators=50, random_state=1)
2021-08-30 16:55:04,242:INFO:create_model() succesfully completed......................................
2021-08-30 16:55:04,322:INFO:SubProcess create_model() end ==================================
2021-08-30 16:55:04,322:INFO:Creating metrics dataframe
2021-08-30 16:55:04,338:INFO:Initializing Gradient Boosting Regressor
2021-08-30 16:55:04,338:INFO:Total runtime is 0.656945522626241 minutes
2021-08-30 16:55:04,346:INFO:SubProcess create_model() called ==================================
2021-08-30 16:55:04,346:INFO:Initializing create_model()
2021-08-30 16:55:04,346:INFO:create_model(estimator=gbr, fold=KFold(n_splits=10, random_state=None, shuffle=False), round=4, cross_validation=True, predict=True, fit_kwargs={}, groups=None, refit=False, verbose=False, system=False, metrics=None, display=<pycaret.internal.Display.Display object at 0x0000022D701356D0>, kwargs={})
2021-08-30 16:55:04,346:INFO:Checking exceptions
2021-08-30 16:55:04,346:INFO:Importing libraries
2021-08-30 16:55:04,346:INFO:Copying training dataset
2021-08-30 16:55:04,348:INFO:Defining folds
2021-08-30 16:55:04,348:INFO:Declaring metric variables
2021-08-30 16:55:04,364:INFO:Importing untrained model
2021-08-30 16:55:04,379:INFO:Gradient Boosting Regressor Imported succesfully
2021-08-30 16:55:04,400:INFO:Starting cross validation
2021-08-30 16:55:04,401:INFO:Cross validating with KFold(n_splits=10, random_state=None, shuffle=False), n_jobs=-1
2021-08-30 16:55:10,115:INFO:Calculating mean and std
2021-08-30 16:55:10,115:INFO:Creating metrics dataframe
2021-08-30 16:55:10,119:INFO:Uploading results into container
2021-08-30 16:55:10,119:INFO:Uploading model into container now
2021-08-30 16:55:10,119:INFO:create_model_container: 16
2021-08-30 16:55:10,119:INFO:master_model_container: 16
2021-08-30 16:55:10,119:INFO:display_container: 2
2021-08-30 16:55:10,120:INFO:GradientBoostingRegressor(alpha=0.9, ccp_alpha=0.0, criterion='friedman_mse',
                          init=None, learning_rate=0.1, loss='ls', max_depth=3,
                          max_features=None, max_leaf_nodes=None,
                          min_impurity_decrease=0.0, min_impurity_split=None,
                          min_samples_leaf=1, min_samples_split=2,
                          min_weight_fraction_leaf=0.0, n_estimators=100,
                          n_iter_no_change=None, presort='deprecated',
                          random_state=1, subsample=1.0, tol=0.0001,
                          validation_fraction=0.1, verbose=0, warm_start=False)
2021-08-30 16:55:10,120:INFO:create_model() succesfully completed......................................
2021-08-30 16:55:10,194:INFO:SubProcess create_model() end ==================================
2021-08-30 16:55:10,194:INFO:Creating metrics dataframe
2021-08-30 16:55:10,216:INFO:Initializing Light Gradient Boosting Machine
2021-08-30 16:55:10,216:INFO:Total runtime is 0.7549005826314289 minutes
2021-08-30 16:55:10,229:INFO:SubProcess create_model() called ==================================
2021-08-30 16:55:10,229:INFO:Initializing create_model()
2021-08-30 16:55:10,230:INFO:create_model(estimator=lightgbm, fold=KFold(n_splits=10, random_state=None, shuffle=False), round=4, cross_validation=True, predict=True, fit_kwargs={}, groups=None, refit=False, verbose=False, system=False, metrics=None, display=<pycaret.internal.Display.Display object at 0x0000022D701356D0>, kwargs={})
2021-08-30 16:55:10,230:INFO:Checking exceptions
2021-08-30 16:55:10,230:INFO:Importing libraries
2021-08-30 16:55:10,230:INFO:Copying training dataset
2021-08-30 16:55:10,231:INFO:Defining folds
2021-08-30 16:55:10,232:INFO:Declaring metric variables
2021-08-30 16:55:10,240:INFO:Importing untrained model
2021-08-30 16:55:10,252:INFO:Light Gradient Boosting Machine Imported succesfully
2021-08-30 16:55:10,275:INFO:Starting cross validation
2021-08-30 16:55:10,276:INFO:Cross validating with KFold(n_splits=10, random_state=None, shuffle=False), n_jobs=-1
2021-08-30 16:55:11,237:INFO:Calculating mean and std
2021-08-30 16:55:11,238:INFO:Creating metrics dataframe
2021-08-30 16:55:11,242:INFO:Uploading results into container
2021-08-30 16:55:11,242:INFO:Uploading model into container now
2021-08-30 16:55:11,242:INFO:create_model_container: 17
2021-08-30 16:55:11,243:INFO:master_model_container: 17
2021-08-30 16:55:11,243:INFO:display_container: 2
2021-08-30 16:55:11,244:INFO:LGBMRegressor(boosting_type='gbdt', class_weight=None, colsample_bytree=1.0,
              importance_type='split', learning_rate=0.1, max_depth=-1,
              min_child_samples=20, min_child_weight=0.001, min_split_gain=0.0,
              n_estimators=100, n_jobs=-1, num_leaves=31, objective=None,
              random_state=1, reg_alpha=0.0, reg_lambda=0.0, silent=True,
              subsample=1.0, subsample_for_bin=200000, subsample_freq=0)
2021-08-30 16:55:11,244:INFO:create_model() succesfully completed......................................
2021-08-30 16:55:11,341:INFO:SubProcess create_model() end ==================================
2021-08-30 16:55:11,341:INFO:Creating metrics dataframe
2021-08-30 16:55:11,384:INFO:Initializing create_model()
2021-08-30 16:55:11,384:INFO:create_model(estimator=ExtraTreesRegressor(bootstrap=False, ccp_alpha=0.0, criterion='mse',
                    max_depth=None, max_features='auto', max_leaf_nodes=None,
                    max_samples=None, min_impurity_decrease=0.0,
                    min_impurity_split=None, min_samples_leaf=1,
                    min_samples_split=2, min_weight_fraction_leaf=0.0,
                    n_estimators=100, n_jobs=-1, oob_score=False,
                    random_state=1, verbose=0, warm_start=False), fold=KFold(n_splits=10, random_state=None, shuffle=False), round=4, cross_validation=False, predict=False, fit_kwargs={}, groups=None, refit=True, verbose=False, system=False, metrics=None, display=None, kwargs={})
2021-08-30 16:55:11,385:INFO:Checking exceptions
2021-08-30 16:55:11,385:INFO:Importing libraries
2021-08-30 16:55:11,386:INFO:Copying training dataset
2021-08-30 16:55:11,386:INFO:Defining folds
2021-08-30 16:55:11,386:INFO:Declaring metric variables
2021-08-30 16:55:11,386:INFO:Importing untrained model
2021-08-30 16:55:11,386:INFO:Declaring custom model
2021-08-30 16:55:11,387:INFO:Extra Trees Regressor Imported succesfully
2021-08-30 16:55:11,388:INFO:Cross validation set to False
2021-08-30 16:55:11,388:INFO:Fitting Model
2021-08-30 16:55:12,477:INFO:ExtraTreesRegressor(bootstrap=False, ccp_alpha=0.0, criterion='mse',
                    max_depth=None, max_features='auto', max_leaf_nodes=None,
                    max_samples=None, min_impurity_decrease=0.0,
                    min_impurity_split=None, min_samples_leaf=1,
                    min_samples_split=2, min_weight_fraction_leaf=0.0,
                    n_estimators=100, n_jobs=-1, oob_score=False,
                    random_state=1, verbose=0, warm_start=False)
2021-08-30 16:55:12,478:INFO:create_models() succesfully completed......................................
2021-08-30 16:55:12,621:INFO:create_model_container: 17
2021-08-30 16:55:12,621:INFO:master_model_container: 17
2021-08-30 16:55:12,621:INFO:display_container: 2
2021-08-30 16:55:12,622:INFO:ExtraTreesRegressor(bootstrap=False, ccp_alpha=0.0, criterion='mse',
                    max_depth=None, max_features='auto', max_leaf_nodes=None,
                    max_samples=None, min_impurity_decrease=0.0,
                    min_impurity_split=None, min_samples_leaf=1,
                    min_samples_split=2, min_weight_fraction_leaf=0.0,
                    n_estimators=100, n_jobs=-1, oob_score=False,
                    random_state=1, verbose=0, warm_start=False)
2021-08-30 16:55:12,622:INFO:compare_models() succesfully completed......................................
2021-08-30 16:55:34,969:INFO:Initializing create_model()
2021-08-30 16:55:34,969:INFO:create_model(estimator=et, fold=None, round=4, cross_validation=True, predict=True, fit_kwargs=None, groups=None, refit=True, verbose=True, system=True, metrics=None, display=None, kwargs={})
2021-08-30 16:55:34,970:INFO:Checking exceptions
2021-08-30 16:55:34,970:INFO:Preparing display monitor
2021-08-30 16:55:34,998:INFO:Importing libraries
2021-08-30 16:55:34,998:INFO:Copying training dataset
2021-08-30 16:55:35,001:INFO:Defining folds
2021-08-30 16:55:35,001:INFO:Declaring metric variables
2021-08-30 16:55:35,015:INFO:Importing untrained model
2021-08-30 16:55:35,029:INFO:Extra Trees Regressor Imported succesfully
2021-08-30 16:55:35,050:INFO:Starting cross validation
2021-08-30 16:55:35,051:INFO:Cross validating with KFold(n_splits=10, random_state=None, shuffle=False), n_jobs=-1
2021-08-30 16:55:42,894:INFO:Calculating mean and std
2021-08-30 16:55:42,895:INFO:Creating metrics dataframe
2021-08-30 16:55:42,909:INFO:Finalizing model
2021-08-30 16:55:43,976:INFO:Uploading results into container
2021-08-30 16:55:43,977:INFO:Uploading model into container now
2021-08-30 16:55:43,999:INFO:create_model_container: 18
2021-08-30 16:55:43,999:INFO:master_model_container: 18
2021-08-30 16:55:43,999:INFO:display_container: 3
2021-08-30 16:55:44,000:INFO:ExtraTreesRegressor(bootstrap=False, ccp_alpha=0.0, criterion='mse',
                    max_depth=None, max_features='auto', max_leaf_nodes=None,
                    max_samples=None, min_impurity_decrease=0.0,
                    min_impurity_split=None, min_samples_leaf=1,
                    min_samples_split=2, min_weight_fraction_leaf=0.0,
                    n_estimators=100, n_jobs=-1, oob_score=False,
                    random_state=1, verbose=0, warm_start=False)
2021-08-30 16:55:44,001:INFO:create_model() succesfully completed......................................
2021-08-30 16:56:41,073:INFO:Initializing finalize_model()
2021-08-30 16:56:41,073:INFO:finalize_model(estimator=et, fit_kwargs=None, groups=None, model_only=True, display=None)
2021-08-30 16:56:41,074:INFO:Finalizing et
2021-08-30 16:56:41,074:INFO:Initializing create_model()
2021-08-30 16:56:41,074:INFO:create_model(estimator=et, fold=None, round=4, cross_validation=True, predict=True, fit_kwargs={}, groups=None, refit=True, verbose=False, system=False, metrics=None, display=None, kwargs={})
2021-08-30 16:56:41,074:INFO:Checking exceptions
2021-08-30 16:56:41,075:INFO:Importing libraries
2021-08-30 16:56:41,075:INFO:Copying training dataset
2021-08-30 16:56:41,076:INFO:Defining folds
2021-08-30 16:56:41,077:INFO:Declaring metric variables
2021-08-30 16:56:41,077:INFO:Importing untrained model
2021-08-30 16:56:41,077:INFO:Extra Trees Regressor Imported succesfully
2021-08-30 16:56:41,077:INFO:Starting cross validation
2021-08-30 16:56:41,078:INFO:Cross validating with KFold(n_splits=10, random_state=None, shuffle=False), n_jobs=-1
2021-08-30 16:56:51,448:INFO:Calculating mean and std
2021-08-30 16:56:51,449:INFO:Creating metrics dataframe
2021-08-30 16:56:51,455:INFO:Finalizing model
2021-08-30 16:56:52,855:INFO:Uploading results into container
2021-08-30 16:56:52,856:INFO:Uploading model into container now
2021-08-30 16:56:52,856:INFO:create_model_container: 19
2021-08-30 16:56:52,856:INFO:master_model_container: 19
2021-08-30 16:56:52,856:INFO:display_container: 4
2021-08-30 16:56:52,857:INFO:ExtraTreesRegressor(bootstrap=False, ccp_alpha=0.0, criterion='mse',
                    max_depth=None, max_features='auto', max_leaf_nodes=None,
                    max_samples=None, min_impurity_decrease=0.0,
                    min_impurity_split=None, min_samples_leaf=1,
                    min_samples_split=2, min_weight_fraction_leaf=0.0,
                    n_estimators=100, n_jobs=-1, oob_score=False,
                    random_state=1, verbose=0, warm_start=False)
2021-08-30 16:56:52,857:INFO:create_model() succesfully completed......................................
2021-08-30 16:56:52,962:INFO:create_model_container: 19
2021-08-30 16:56:52,962:INFO:master_model_container: 19
2021-08-30 16:56:52,962:INFO:display_container: 3
2021-08-30 16:56:52,963:INFO:ExtraTreesRegressor(bootstrap=False, ccp_alpha=0.0, criterion='mse',
                    max_depth=None, max_features='auto', max_leaf_nodes=None,
                    max_samples=None, min_impurity_decrease=0.0,
                    min_impurity_split=None, min_samples_leaf=1,
                    min_samples_split=2, min_weight_fraction_leaf=0.0,
                    n_estimators=100, n_jobs=-1, oob_score=False,
                    random_state=1, verbose=0, warm_start=False)
2021-08-30 16:56:52,964:INFO:finalize_model() succesfully completed......................................
2021-08-30 16:56:53,087:INFO:Initializing predict_model()
2021-08-30 16:56:53,087:INFO:predict_model(estimator=ExtraTreesRegressor(bootstrap=False, ccp_alpha=0.0, criterion='mse',
                    max_depth=None, max_features='auto', max_leaf_nodes=None,
                    max_samples=None, min_impurity_decrease=0.0,
                    min_impurity_split=None, min_samples_leaf=1,
                    min_samples_split=2, min_weight_fraction_leaf=0.0,
                    n_estimators=100, n_jobs=-1, oob_score=False,
                    random_state=1, verbose=0, warm_start=False), probability_threshold=None, encoded_labels=True, raw_score=False, round=4, verbose=True, ml_usecase=MLUsecase.REGRESSION, display=None)
2021-08-30 16:56:53,087:INFO:Checking exceptions
2021-08-30 16:56:53,087:INFO:Preloading libraries
2021-08-30 16:56:53,087:INFO:Preparing display monitor
2021-08-30 16:57:06,962:INFO:Initializing predict_model()
2021-08-30 16:57:06,962:INFO:predict_model(estimator=ExtraTreesRegressor(bootstrap=False, ccp_alpha=0.0, criterion='mse',
                    max_depth=None, max_features='auto', max_leaf_nodes=None,
                    max_samples=None, min_impurity_decrease=0.0,
                    min_impurity_split=None, min_samples_leaf=1,
                    min_samples_split=2, min_weight_fraction_leaf=0.0,
                    n_estimators=100, n_jobs=-1, oob_score=False,
                    random_state=1, verbose=0, warm_start=False), probability_threshold=None, encoded_labels=True, raw_score=False, round=4, verbose=True, ml_usecase=MLUsecase.REGRESSION, display=None)
2021-08-30 16:57:06,963:INFO:Checking exceptions
2021-08-30 16:57:06,963:INFO:Preloading libraries
2021-08-30 16:57:06,963:INFO:Preparing display monitor
